INFO:root:Start SimCLR training for 100 epochs.
INFO:root:Training with gpu: cuda.
DEBUG:root:Epoch: 0	Loss: 6.207711219787598	Top1 accuracy: 2.1484375
DEBUG:root:Epoch: 1	Loss: 5.984264373779297	Top1 accuracy: 5.2734375
DEBUG:root:Epoch: 2	Loss: 5.640711307525635	Top1 accuracy: 9.27734375
DEBUG:root:Epoch: 3	Loss: 5.384182453155518	Top1 accuracy: 13.0859375
DEBUG:root:Epoch: 4	Loss: 5.143627643585205	Top1 accuracy: 15.4296875
DEBUG:root:Epoch: 5	Loss: 5.12614631652832	Top1 accuracy: 14.35546875
DEBUG:root:Epoch: 6	Loss: 5.1376633644104	Top1 accuracy: 16.69921875
DEBUG:root:Epoch: 7	Loss: 4.960803031921387	Top1 accuracy: 16.2109375
DEBUG:root:Epoch: 8	Loss: 4.684032440185547	Top1 accuracy: 20.21484375
DEBUG:root:Epoch: 9	Loss: 4.686614036560059	Top1 accuracy: 24.21875
DEBUG:root:Epoch: 10	Loss: 4.524293422698975	Top1 accuracy: 22.75390625
DEBUG:root:Epoch: 11	Loss: 4.183108329772949	Top1 accuracy: 31.0546875
DEBUG:root:Epoch: 12	Loss: 4.419677734375	Top1 accuracy: 24.0234375
DEBUG:root:Epoch: 13	Loss: 4.458742618560791	Top1 accuracy: 23.14453125
DEBUG:root:Epoch: 14	Loss: 4.370586395263672	Top1 accuracy: 26.953125
DEBUG:root:Epoch: 15	Loss: 4.269712924957275	Top1 accuracy: 28.61328125
DEBUG:root:Epoch: 16	Loss: 4.002739906311035	Top1 accuracy: 30.46875
DEBUG:root:Epoch: 17	Loss: 4.253902435302734	Top1 accuracy: 28.7109375
DEBUG:root:Epoch: 18	Loss: 4.05004358291626	Top1 accuracy: 30.76171875
DEBUG:root:Epoch: 19	Loss: 3.787536859512329	Top1 accuracy: 31.25
DEBUG:root:Epoch: 20	Loss: 3.9183835983276367	Top1 accuracy: 33.0078125
DEBUG:root:Epoch: 21	Loss: 3.866075277328491	Top1 accuracy: 33.69140625
DEBUG:root:Epoch: 22	Loss: 3.729778528213501	Top1 accuracy: 34.47265625
DEBUG:root:Epoch: 23	Loss: 3.856257677078247	Top1 accuracy: 33.3984375
DEBUG:root:Epoch: 24	Loss: 3.9383153915405273	Top1 accuracy: 31.34765625
DEBUG:root:Epoch: 25	Loss: 3.7121872901916504	Top1 accuracy: 36.328125
DEBUG:root:Epoch: 26	Loss: 3.828455924987793	Top1 accuracy: 34.765625
DEBUG:root:Epoch: 27	Loss: 3.834956645965576	Top1 accuracy: 34.1796875
DEBUG:root:Epoch: 28	Loss: 3.5774524211883545	Top1 accuracy: 38.96484375
DEBUG:root:Epoch: 29	Loss: 3.6427295207977295	Top1 accuracy: 38.4765625
DEBUG:root:Epoch: 30	Loss: 3.6001369953155518	Top1 accuracy: 38.18359375
DEBUG:root:Epoch: 31	Loss: 3.494835138320923	Top1 accuracy: 40.4296875
DEBUG:root:Epoch: 32	Loss: 3.4403650760650635	Top1 accuracy: 40.91796875
DEBUG:root:Epoch: 33	Loss: 3.3565783500671387	Top1 accuracy: 41.89453125
DEBUG:root:Epoch: 34	Loss: 3.366407871246338	Top1 accuracy: 41.9921875
DEBUG:root:Epoch: 35	Loss: 3.4282774925231934	Top1 accuracy: 41.015625
DEBUG:root:Epoch: 36	Loss: 3.3965673446655273	Top1 accuracy: 40.234375
DEBUG:root:Epoch: 37	Loss: 3.3536124229431152	Top1 accuracy: 40.8203125
DEBUG:root:Epoch: 38	Loss: 3.277771234512329	Top1 accuracy: 42.48046875
DEBUG:root:Epoch: 39	Loss: 3.1658074855804443	Top1 accuracy: 45.3125
DEBUG:root:Epoch: 40	Loss: 3.0546557903289795	Top1 accuracy: 46.09375
DEBUG:root:Epoch: 41	Loss: 3.4059793949127197	Top1 accuracy: 39.453125
DEBUG:root:Epoch: 42	Loss: 3.0604283809661865	Top1 accuracy: 48.33984375
DEBUG:root:Epoch: 43	Loss: 3.2551767826080322	Top1 accuracy: 44.43359375
DEBUG:root:Epoch: 44	Loss: 3.110621929168701	Top1 accuracy: 45.01953125
DEBUG:root:Epoch: 45	Loss: 3.4138591289520264	Top1 accuracy: 41.11328125
DEBUG:root:Epoch: 46	Loss: 3.1059157848358154	Top1 accuracy: 45.99609375
DEBUG:root:Epoch: 47	Loss: 3.046173572540283	Top1 accuracy: 47.55859375
DEBUG:root:Epoch: 48	Loss: 3.4331109523773193	Top1 accuracy: 41.9921875
DEBUG:root:Epoch: 49	Loss: 3.0069637298583984	Top1 accuracy: 47.0703125
DEBUG:root:Epoch: 50	Loss: 2.819056510925293	Top1 accuracy: 49.90234375
DEBUG:root:Epoch: 51	Loss: 2.978759765625	Top1 accuracy: 46.6796875
DEBUG:root:Epoch: 52	Loss: 3.1115877628326416	Top1 accuracy: 46.2890625
DEBUG:root:Epoch: 53	Loss: 3.045865058898926	Top1 accuracy: 46.58203125
DEBUG:root:Epoch: 54	Loss: 3.0334115028381348	Top1 accuracy: 46.875
DEBUG:root:Epoch: 55	Loss: 2.930694103240967	Top1 accuracy: 49.31640625
DEBUG:root:Epoch: 56	Loss: 3.0242722034454346	Top1 accuracy: 45.8984375
DEBUG:root:Epoch: 57	Loss: 2.9403438568115234	Top1 accuracy: 49.21875
DEBUG:root:Epoch: 58	Loss: 3.001718759536743	Top1 accuracy: 46.2890625
DEBUG:root:Epoch: 59	Loss: 2.7352616786956787	Top1 accuracy: 50.390625
DEBUG:root:Epoch: 60	Loss: 2.8491134643554688	Top1 accuracy: 49.21875
DEBUG:root:Epoch: 61	Loss: 2.9641425609588623	Top1 accuracy: 48.828125
DEBUG:root:Epoch: 62	Loss: 2.8957810401916504	Top1 accuracy: 48.4375
DEBUG:root:Epoch: 63	Loss: 2.8685216903686523	Top1 accuracy: 49.31640625
DEBUG:root:Epoch: 64	Loss: 2.8286800384521484	Top1 accuracy: 52.44140625
DEBUG:root:Epoch: 65	Loss: 2.6370599269866943	Top1 accuracy: 51.953125
DEBUG:root:Epoch: 66	Loss: 2.7946362495422363	Top1 accuracy: 50.390625
DEBUG:root:Epoch: 67	Loss: 2.7237846851348877	Top1 accuracy: 52.05078125
DEBUG:root:Epoch: 68	Loss: 2.758596420288086	Top1 accuracy: 51.07421875
DEBUG:root:Epoch: 69	Loss: 2.488840103149414	Top1 accuracy: 53.41796875
DEBUG:root:Epoch: 70	Loss: 2.672152280807495	Top1 accuracy: 51.07421875
DEBUG:root:Epoch: 71	Loss: 2.632560968399048	Top1 accuracy: 52.44140625
DEBUG:root:Epoch: 72	Loss: 2.9292538166046143	Top1 accuracy: 49.21875
DEBUG:root:Epoch: 73	Loss: 2.7191507816314697	Top1 accuracy: 52.34375
DEBUG:root:Epoch: 74	Loss: 2.619973659515381	Top1 accuracy: 54.19921875
DEBUG:root:Epoch: 75	Loss: 2.626906394958496	Top1 accuracy: 52.734375
DEBUG:root:Epoch: 76	Loss: 2.712639331817627	Top1 accuracy: 52.5390625
DEBUG:root:Epoch: 77	Loss: 2.6929731369018555	Top1 accuracy: 51.07421875
DEBUG:root:Epoch: 78	Loss: 2.357368230819702	Top1 accuracy: 58.59375
DEBUG:root:Epoch: 79	Loss: 2.691544771194458	Top1 accuracy: 51.07421875
DEBUG:root:Epoch: 80	Loss: 2.652576208114624	Top1 accuracy: 53.125
DEBUG:root:Epoch: 81	Loss: 2.8383548259735107	Top1 accuracy: 49.90234375
DEBUG:root:Epoch: 82	Loss: 2.326627492904663	Top1 accuracy: 58.7890625
DEBUG:root:Epoch: 83	Loss: 2.460533618927002	Top1 accuracy: 54.58984375
DEBUG:root:Epoch: 84	Loss: 2.5746612548828125	Top1 accuracy: 53.61328125
DEBUG:root:Epoch: 85	Loss: 2.5317885875701904	Top1 accuracy: 54.78515625
DEBUG:root:Epoch: 86	Loss: 2.5083398818969727	Top1 accuracy: 55.078125
DEBUG:root:Epoch: 87	Loss: 2.565873622894287	Top1 accuracy: 53.61328125
DEBUG:root:Epoch: 88	Loss: 2.4839086532592773	Top1 accuracy: 55.17578125
DEBUG:root:Epoch: 89	Loss: 2.625046730041504	Top1 accuracy: 52.5390625
DEBUG:root:Epoch: 90	Loss: 2.376526117324829	Top1 accuracy: 54.6875
DEBUG:root:Epoch: 91	Loss: 2.636286497116089	Top1 accuracy: 52.1484375
DEBUG:root:Epoch: 92	Loss: 2.4897067546844482	Top1 accuracy: 55.76171875
DEBUG:root:Epoch: 93	Loss: 2.527970314025879	Top1 accuracy: 54.8828125
DEBUG:root:Epoch: 94	Loss: 2.24265718460083	Top1 accuracy: 59.765625
DEBUG:root:Epoch: 95	Loss: 2.4267470836639404	Top1 accuracy: 57.03125
DEBUG:root:Epoch: 96	Loss: 2.4493720531463623	Top1 accuracy: 57.8125
DEBUG:root:Epoch: 97	Loss: 2.377180814743042	Top1 accuracy: 58.59375
DEBUG:root:Epoch: 98	Loss: 2.7120890617370605	Top1 accuracy: 53.3203125
DEBUG:root:Epoch: 99	Loss: 2.448004722595215	Top1 accuracy: 54.1015625
INFO:root:Training has finished.
INFO:root:Model checkpoint and metadata has been saved at /root/Lab3/Lab3-1/logs/simclr_lr0.0003_wd0.0008_bt512_e100.
