INFO:root:Start SimCLR training for 80 epochs.
INFO:root:Training with gpu: cuda.
DEBUG:root:Epoch: 0	Loss: 6.517160892486572	Top1 accuracy: 2.05078125
DEBUG:root:Epoch: 1	Loss: 6.407904624938965	Top1 accuracy: 3.515625
DEBUG:root:Epoch: 2	Loss: 6.3871331214904785	Top1 accuracy: 4.6875
DEBUG:root:Epoch: 3	Loss: 6.355589866638184	Top1 accuracy: 8.3984375
DEBUG:root:Epoch: 4	Loss: 6.392798900604248	Top1 accuracy: 5.17578125
DEBUG:root:Epoch: 5	Loss: 6.317096710205078	Top1 accuracy: 7.6171875
DEBUG:root:Epoch: 6	Loss: 6.336383819580078	Top1 accuracy: 7.03125
DEBUG:root:Epoch: 7	Loss: 6.324010372161865	Top1 accuracy: 7.71484375
DEBUG:root:Epoch: 8	Loss: 6.341911315917969	Top1 accuracy: 4.8828125
DEBUG:root:Epoch: 9	Loss: 6.31872034072876	Top1 accuracy: 5.6640625
DEBUG:root:Epoch: 10	Loss: 6.32069206237793	Top1 accuracy: 6.93359375
DEBUG:root:Epoch: 11	Loss: 6.319506645202637	Top1 accuracy: 6.8359375
DEBUG:root:Epoch: 12	Loss: 6.288588523864746	Top1 accuracy: 6.25
DEBUG:root:Epoch: 13	Loss: 6.301112174987793	Top1 accuracy: 9.66796875
DEBUG:root:Epoch: 14	Loss: 6.30763578414917	Top1 accuracy: 9.08203125
DEBUG:root:Epoch: 15	Loss: 6.301708698272705	Top1 accuracy: 7.32421875
DEBUG:root:Epoch: 16	Loss: 6.295048236846924	Top1 accuracy: 9.08203125
DEBUG:root:Epoch: 17	Loss: 6.283524990081787	Top1 accuracy: 8.59375
DEBUG:root:Epoch: 18	Loss: 6.294649600982666	Top1 accuracy: 10.3515625
DEBUG:root:Epoch: 19	Loss: 6.284857749938965	Top1 accuracy: 8.984375
DEBUG:root:Epoch: 20	Loss: 6.277153491973877	Top1 accuracy: 8.203125
DEBUG:root:Epoch: 21	Loss: 6.282341480255127	Top1 accuracy: 7.2265625
DEBUG:root:Epoch: 22	Loss: 6.28387451171875	Top1 accuracy: 9.08203125
DEBUG:root:Epoch: 23	Loss: 6.279999732971191	Top1 accuracy: 9.1796875
DEBUG:root:Epoch: 24	Loss: 6.289183616638184	Top1 accuracy: 10.64453125
DEBUG:root:Epoch: 25	Loss: 6.2703046798706055	Top1 accuracy: 10.3515625
DEBUG:root:Epoch: 26	Loss: 6.282603740692139	Top1 accuracy: 9.08203125
DEBUG:root:Epoch: 27	Loss: 6.2986321449279785	Top1 accuracy: 10.3515625
DEBUG:root:Epoch: 28	Loss: 6.273791313171387	Top1 accuracy: 8.88671875
DEBUG:root:Epoch: 29	Loss: 6.270013809204102	Top1 accuracy: 9.66796875
DEBUG:root:Epoch: 30	Loss: 6.266208648681641	Top1 accuracy: 9.27734375
DEBUG:root:Epoch: 31	Loss: 6.263341426849365	Top1 accuracy: 12.890625
DEBUG:root:Epoch: 32	Loss: 6.270133018493652	Top1 accuracy: 13.37890625
DEBUG:root:Epoch: 33	Loss: 6.277224540710449	Top1 accuracy: 12.98828125
DEBUG:root:Epoch: 34	Loss: 6.2627949714660645	Top1 accuracy: 15.52734375
DEBUG:root:Epoch: 35	Loss: 6.268222808837891	Top1 accuracy: 13.8671875
DEBUG:root:Epoch: 36	Loss: 6.267327308654785	Top1 accuracy: 12.59765625
DEBUG:root:Epoch: 37	Loss: 6.259033203125	Top1 accuracy: 14.94140625
DEBUG:root:Epoch: 38	Loss: 6.267675399780273	Top1 accuracy: 15.72265625
DEBUG:root:Epoch: 39	Loss: 6.24402379989624	Top1 accuracy: 16.40625
DEBUG:root:Epoch: 40	Loss: 6.256713390350342	Top1 accuracy: 16.015625
DEBUG:root:Epoch: 41	Loss: 6.240140914916992	Top1 accuracy: 15.91796875
DEBUG:root:Epoch: 42	Loss: 6.256199836730957	Top1 accuracy: 15.625
DEBUG:root:Epoch: 43	Loss: 6.258788108825684	Top1 accuracy: 16.796875
DEBUG:root:Epoch: 44	Loss: 6.254532814025879	Top1 accuracy: 16.6015625
DEBUG:root:Epoch: 45	Loss: 6.235040664672852	Top1 accuracy: 20.1171875
DEBUG:root:Epoch: 46	Loss: 6.259519577026367	Top1 accuracy: 18.75
DEBUG:root:Epoch: 47	Loss: 6.239171504974365	Top1 accuracy: 16.30859375
DEBUG:root:Epoch: 48	Loss: 6.235020160675049	Top1 accuracy: 18.45703125
DEBUG:root:Epoch: 49	Loss: 6.253394603729248	Top1 accuracy: 16.11328125
DEBUG:root:Epoch: 50	Loss: 6.243805408477783	Top1 accuracy: 16.015625
DEBUG:root:Epoch: 51	Loss: 6.246542930603027	Top1 accuracy: 18.65234375
DEBUG:root:Epoch: 52	Loss: 6.249880313873291	Top1 accuracy: 17.96875
DEBUG:root:Epoch: 53	Loss: 6.254059314727783	Top1 accuracy: 13.4765625
DEBUG:root:Epoch: 54	Loss: 6.236362457275391	Top1 accuracy: 16.796875
DEBUG:root:Epoch: 55	Loss: 6.23664665222168	Top1 accuracy: 16.89453125
DEBUG:root:Epoch: 56	Loss: 6.257953643798828	Top1 accuracy: 14.84375
DEBUG:root:Epoch: 57	Loss: 6.219768524169922	Top1 accuracy: 17.28515625
DEBUG:root:Epoch: 58	Loss: 6.242730617523193	Top1 accuracy: 16.6015625
DEBUG:root:Epoch: 59	Loss: 6.239715099334717	Top1 accuracy: 20.21484375
DEBUG:root:Epoch: 60	Loss: 6.232097148895264	Top1 accuracy: 15.91796875
DEBUG:root:Epoch: 61	Loss: 6.241916656494141	Top1 accuracy: 16.11328125
DEBUG:root:Epoch: 62	Loss: 6.235406398773193	Top1 accuracy: 19.43359375
DEBUG:root:Epoch: 63	Loss: 6.260730266571045	Top1 accuracy: 18.06640625
DEBUG:root:Epoch: 64	Loss: 6.268095016479492	Top1 accuracy: 18.65234375
DEBUG:root:Epoch: 65	Loss: 6.261792182922363	Top1 accuracy: 14.35546875
DEBUG:root:Epoch: 66	Loss: 6.232288360595703	Top1 accuracy: 19.53125
DEBUG:root:Epoch: 67	Loss: 6.231204986572266	Top1 accuracy: 18.75
DEBUG:root:Epoch: 68	Loss: 6.242887020111084	Top1 accuracy: 16.796875
DEBUG:root:Epoch: 69	Loss: 6.247182846069336	Top1 accuracy: 18.9453125
DEBUG:root:Epoch: 70	Loss: 6.250170707702637	Top1 accuracy: 17.67578125
DEBUG:root:Epoch: 71	Loss: 6.249640941619873	Top1 accuracy: 18.1640625
DEBUG:root:Epoch: 72	Loss: 6.24921989440918	Top1 accuracy: 18.84765625
DEBUG:root:Epoch: 73	Loss: 6.21705961227417	Top1 accuracy: 21.77734375
DEBUG:root:Epoch: 74	Loss: 6.23427152633667	Top1 accuracy: 18.9453125
DEBUG:root:Epoch: 75	Loss: 6.230142593383789	Top1 accuracy: 17.28515625
DEBUG:root:Epoch: 76	Loss: 6.235949516296387	Top1 accuracy: 18.1640625
DEBUG:root:Epoch: 77	Loss: 6.219625473022461	Top1 accuracy: 17.578125
DEBUG:root:Epoch: 78	Loss: 6.214041709899902	Top1 accuracy: 19.62890625
DEBUG:root:Epoch: 79	Loss: 6.231692314147949	Top1 accuracy: 17.7734375
INFO:root:Training has finished.
INFO:root:Model checkpoint and metadata has been saved at /root/Lab3-1/logs/simclr_TIN_lr0.001_wd0_temp1.0_bt512_e80.
